---------- Experiment Configuration ----------
{'alpha': 0.05,
 'batch_size': 1,
 'boundary_th': 0.5,
 'ce': True,
 'ce_weight': 1.0,
 'class_weight': True,
 'csv_dir': './csv',
 'dampening': 0.0,
 'dataset': 'gtea',
 'dataset_dir': './dataset',
 'final_model_path': 'only_vanilla_asrf.prm',
 'focal': False,
 'focal_weight': 1.0,
 'gamma': 2.0,
 'gstmse': True,
 'gstmse_index': 'feature',
 'gstmse_weight': 1.0,
 'in_channel': 2048,
 'lambda_b': 0.1,
 'learning_rate': 0.0005,
 'max_epoch': 50,
 'model': 'ActionSegmentRefinementNetwork',
 'momentum': 0.9,
 'n_features': 64,
 'n_layers': 10,
 'n_stages': 4,
 'n_stages_asb': 4,
 'n_stages_brb': 4,
 'nesterov': True,
 'num_workers': 4,
 'optimizer': 'Adam',
 'param_search': False,
 'split': 1,
 'tmse': False,
 'tmse_weight': 0.15,
 'tolerance': 5,
 'use_focal': False,
 'weight_decay': 0.0001}
---------- Loading Model ----------
Adam will be used as an optimizer.
---------- Start training ----------
epoch: 0	lr: 0.0005	train loss: 2.5666
epoch: 1	lr: 0.0005	train loss: 2.3510
epoch: 2	lr: 0.0005	train loss: 2.0803
epoch: 3	lr: 0.0005	train loss: 1.7471
epoch: 4	lr: 0.0005	train loss: 1.4708
epoch: 5	lr: 0.0005	train loss: 1.1656
epoch: 6	lr: 0.0005	train loss: 0.8842
epoch: 7	lr: 0.0005	train loss: 0.8575
epoch: 8	lr: 0.0005	train loss: 0.6922
epoch: 9	lr: 0.0005	train loss: 0.5901
epoch: 10	lr: 0.0005	train loss: 0.5272
epoch: 11	lr: 0.0005	train loss: 0.4905
epoch: 12	lr: 0.0005	train loss: 0.4592
epoch: 13	lr: 0.0005	train loss: 0.4360
epoch: 14	lr: 0.0005	train loss: 0.4239
epoch: 15	lr: 0.0005	train loss: 0.4087
epoch: 16	lr: 0.0005	train loss: 0.3786
epoch: 17	lr: 0.0005	train loss: 0.3745
epoch: 18	lr: 0.0005	train loss: 0.3488
epoch: 19	lr: 0.0005	train loss: 0.3361
epoch: 20	lr: 0.0005	train loss: 0.3248
epoch: 21	lr: 0.0005	train loss: 0.3130
epoch: 22	lr: 0.0005	train loss: 0.3055
epoch: 23	lr: 0.0005	train loss: 0.2990
epoch: 24	lr: 0.0005	train loss: 0.2877
epoch: 25	lr: 0.0005	train loss: 0.2836
epoch: 26	lr: 0.0005	train loss: 0.2900
epoch: 27	lr: 0.0005	train loss: 0.3045
epoch: 28	lr: 0.0005	train loss: 0.3196
epoch: 29	lr: 0.0005	train loss: 0.3514
epoch: 30	lr: 0.0005	train loss: 0.2897
epoch: 31	lr: 0.0005	train loss: 0.2699
epoch: 32	lr: 0.0005	train loss: 0.2567
epoch: 33	lr: 0.0005	train loss: 0.2536
epoch: 34	lr: 0.0005	train loss: 0.2463
epoch: 35	lr: 0.0005	train loss: 0.2372
epoch: 36	lr: 0.0005	train loss: 0.2359
epoch: 37	lr: 0.0005	train loss: 0.2283
epoch: 38	lr: 0.0005	train loss: 0.2184
epoch: 39	lr: 0.0005	train loss: 0.2167
epoch: 40	lr: 0.0005	train loss: 0.2215
epoch: 41	lr: 0.0005	train loss: 0.2174
epoch: 42	lr: 0.0005	train loss: 0.2160
epoch: 43	lr: 0.0005	train loss: 0.2151
epoch: 44	lr: 0.0005	train loss: 0.2122
epoch: 45	lr: 0.0005	train loss: 0.2101
epoch: 46	lr: 0.0005	train loss: 0.2101
epoch: 47	lr: 0.0005	train loss: 0.2051
epoch: 48	lr: 0.0005	train loss: 0.1980
epoch: 49	lr: 0.0005	train loss: 0.2023
Done!
