---------- Experiment Configuration ----------
{'alpha': 0.05,
 'batch_size': 4,
 'boundary_th': 0.5,
 'ce': True,
 'ce_weight': 1.0,
 'class_weight': True,
 'csv_dir': './csv',
 'dampening': 0.0,
 'dataset': 'breakfast',
 'dataset_dir': './dataset',
 'final_model_path': 'only_vanilla_asrf.prm',
 'focal': False,
 'focal_weight': 1.0,
 'gamma': 2.0,
 'gstmse': True,
 'gstmse_index': 'feature',
 'gstmse_weight': 1.0,
 'in_channel': 2048,
 'lambda_b': 0.1,
 'learning_rate': 0.0005,
 'max_epoch': 50,
 'model': 'ActionSegmentRefinementNetwork',
 'momentum': 0.9,
 'n_features': 64,
 'n_layers': 10,
 'n_stages': 4,
 'n_stages_asb': 4,
 'n_stages_brb': 4,
 'nesterov': True,
 'num_workers': 4,
 'optimizer': 'Adam',
 'param_search': False,
 'split': 1,
 'tmse': False,
 'tmse_weight': 0.15,
 'tolerance': 5,
 'use_focal': False,
 'weight_decay': 0.0001}
---------- Loading Model ----------
Adam will be used as an optimizer.
---------- Start training ----------
epoch: 0	lr: 0.0005	train loss: 3.7384
epoch: 1	lr: 0.0005	train loss: 2.9374
epoch: 2	lr: 0.0005	train loss: 2.3582
epoch: 3	lr: 0.0005	train loss: 2.0623
epoch: 4	lr: 0.0005	train loss: 1.8109
epoch: 5	lr: 0.0005	train loss: 1.6753
epoch: 6	lr: 0.0005	train loss: 1.4868
epoch: 7	lr: 0.0005	train loss: 1.3768
epoch: 8	lr: 0.0005	train loss: 1.3129
epoch: 9	lr: 0.0005	train loss: 1.1883
epoch: 10	lr: 0.0005	train loss: 1.2092
epoch: 11	lr: 0.0005	train loss: 1.0576
epoch: 12	lr: 0.0005	train loss: 1.0245
epoch: 13	lr: 0.0005	train loss: 1.0081
epoch: 14	lr: 0.0005	train loss: 0.9457
epoch: 15	lr: 0.0005	train loss: 0.8865
epoch: 16	lr: 0.0005	train loss: 0.7805
epoch: 17	lr: 0.0005	train loss: 0.8916
epoch: 18	lr: 0.0005	train loss: 0.7491
epoch: 19	lr: 0.0005	train loss: 0.7457
epoch: 20	lr: 0.0005	train loss: 0.6957
