---------- Experiment Configuration ----------
{'alpha': 0.05,
 'batch_size': 1,
 'boundary_th': 0.5,
 'ce': True,
 'ce_weight': 1.0,
 'class_weight': True,
 'csv_dir': './csv',
 'dampening': 0.0,
 'dataset': '50salads',
 'dataset_dir': './dataset',
 'final_model_path': 'final_with_focal_0.05_prm',
 'focal': False,
 'focal_weight': 1.0,
 'gamma': 2.0,
 'gstmse': True,
 'gstmse_index': 'feature',
 'gstmse_weight': 1.0,
 'in_channel': 2048,
 'lambda_b': 0.1,
 'learning_rate': 0.0005,
 'max_epoch': 50,
 'model': 'ActionSegmentRefinementNetwork',
 'momentum': 0.9,
 'n_features': 64,
 'n_layers': 10,
 'n_stages': 4,
 'n_stages_asb': 4,
 'n_stages_brb': 4,
 'nesterov': True,
 'num_workers': 4,
 'optimizer': 'Adam',
 'param_search': False,
 'split': 4,
 'tmse': False,
 'tmse_weight': 0.15,
 'tolerance': 5,
 'use_focal': True,
 'weight_decay': 0.0001}
---------- Loading Model ----------
Adam will be used as an optimizer.
Traceback (most recent call last):
  File "train.py", line 313, in <module>
    main()
  File "train.py", line 169, in main
    mode="training" if config.param_search else "trainval",
  File "/home/fish/Balaji/Documents/code/NEU-Fall2021/asrf/libs/class_weight.py", line 66, in get_class_weight
    nums = get_class_nums(dataset, split, dataset_dir, csv_dir, mode)
  File "/home/fish/Balaji/Documents/code/NEU-Fall2021/asrf/libs/class_weight.py", line 44, in get_class_nums
    label = np.load(label_path).astype(np.int64)
  File "/home/fish/Balaji/Documents/code/NEU-Fall2021/image_captioning/pyenv_1.13/lib/python3.6/site-packages/numpy/lib/npyio.py", line 415, in load
    fid = open(os_fspath(file), "rb")
FileNotFoundError: [Errno 2] No such file or directory: 'dataset/50salads/gt_arr/#bu.npy'
