---------- Experiment Configuration ----------
{'alpha': 0.01,
 'batch_size': 1,
 'boundary_th': 0.5,
 'ce': True,
 'ce_weight': 1.0,
 'class_weight': True,
 'csv_dir': './csv',
 'dampening': 0.0,
 'dataset': 'gtea',
 'dataset_dir': './dataset',
 'final_model_path': 'final_with_focal_0.01.prm',
 'focal': False,
 'focal_weight': 1.0,
 'gamma': 2.0,
 'gstmse': True,
 'gstmse_index': 'feature',
 'gstmse_weight': 1.0,
 'in_channel': 2048,
 'lambda_b': 0.1,
 'learning_rate': 0.0005,
 'max_epoch': 50,
 'model': 'ActionSegmentRefinementNetwork',
 'momentum': 0.9,
 'n_features': 64,
 'n_layers': 10,
 'n_stages': 4,
 'n_stages_asb': 4,
 'n_stages_brb': 4,
 'nesterov': True,
 'num_workers': 4,
 'optimizer': 'Adam',
 'param_search': False,
 'split': 1,
 'tmse': False,
 'tmse_weight': 0.15,
 'tolerance': 5,
 'use_focal': True,
 'weight_decay': 0.0001}
---------- Loading Model ----------
Adam will be used as an optimizer.
focal loss used: 
---------- Start training ----------
/home/fish/Balaji/Documents/code/NEU-Fall2021/image_captioning/pyenv_1.13/lib/python3.6/site-packages/torch/nn/_reduction.py:43: UserWarning: size_average and reduce args will be deprecated, please use reduction='mean' instead.
  warnings.warn(warning.format(ret))
epoch: 0	lr: 0.0005	train loss: 0.1592
epoch: 1	lr: 0.0005	train loss: 0.1497
epoch: 2	lr: 0.0005	train loss: 0.1380
epoch: 3	lr: 0.0005	train loss: 0.1277
epoch: 4	lr: 0.0005	train loss: 0.1206
epoch: 5	lr: 0.0005	train loss: 0.1098
epoch: 6	lr: 0.0005	train loss: 0.1031
epoch: 7	lr: 0.0005	train loss: 0.0933
epoch: 8	lr: 0.0005	train loss: 0.0883
epoch: 9	lr: 0.0005	train loss: 0.0835
epoch: 10	lr: 0.0005	train loss: 0.0761
epoch: 11	lr: 0.0005	train loss: 0.0743
epoch: 12	lr: 0.0005	train loss: 0.0689
epoch: 13	lr: 0.0005	train loss: 0.0657
epoch: 14	lr: 0.0005	train loss: 0.0614
epoch: 15	lr: 0.0005	train loss: 0.0647
epoch: 16	lr: 0.0005	train loss: 0.0631
epoch: 17	lr: 0.0005	train loss: 0.0602
epoch: 18	lr: 0.0005	train loss: 0.0583
epoch: 19	lr: 0.0005	train loss: 0.0552
epoch: 20	lr: 0.0005	train loss: 0.0534
epoch: 21	lr: 0.0005	train loss: 0.0535
epoch: 22	lr: 0.0005	train loss: 0.0518
epoch: 23	lr: 0.0005	train loss: 0.0528
epoch: 24	lr: 0.0005	train loss: 0.0528
epoch: 25	lr: 0.0005	train loss: 0.0478
epoch: 26	lr: 0.0005	train loss: 0.0492
epoch: 27	lr: 0.0005	train loss: 0.0484
epoch: 28	lr: 0.0005	train loss: 0.0474
epoch: 29	lr: 0.0005	train loss: 0.0440
epoch: 30	lr: 0.0005	train loss: 0.0425
epoch: 31	lr: 0.0005	train loss: 0.0438
epoch: 32	lr: 0.0005	train loss: 0.0457
epoch: 33	lr: 0.0005	train loss: 0.0406
epoch: 34	lr: 0.0005	train loss: 0.0404
epoch: 35	lr: 0.0005	train loss: 0.0392
epoch: 36	lr: 0.0005	train loss: 0.0488
epoch: 37	lr: 0.0005	train loss: 0.0463
epoch: 38	lr: 0.0005	train loss: 0.0408
epoch: 39	lr: 0.0005	train loss: 0.0405
epoch: 40	lr: 0.0005	train loss: 0.0402
epoch: 41	lr: 0.0005	train loss: 0.0412
epoch: 42	lr: 0.0005	train loss: 0.0409
epoch: 43	lr: 0.0005	train loss: 0.0377
epoch: 44	lr: 0.0005	train loss: 0.0373
epoch: 45	lr: 0.0005	train loss: 0.0358
epoch: 46	lr: 0.0005	train loss: 0.0361
epoch: 47	lr: 0.0005	train loss: 0.0426
epoch: 48	lr: 0.0005	train loss: 0.0346
epoch: 49	lr: 0.0005	train loss: 0.0374
Done!
