---------- Experiment Configuration ----------
{'batch_size': 1,
 'boundary_th': 0.5,
 'ce': True,
 'ce_weight': 1.0,
 'class_weight': True,
 'csv_dir': './csv',
 'dampening': 0.0,
 'dataset': 'gtea',
 'dataset_dir': './dataset',
 'focal': False,
 'focal_weight': 1.0,
 'gstmse': True,
 'gstmse_index': 'feature',
 'gstmse_weight': 1.0,
 'in_channel': 2048,
 'lambda_b': 0.1,
 'learning_rate': 0.0005,
 'max_epoch': 50,
 'model': 'ActionSegmentRefinementNetwork',
 'momentum': 0.9,
 'n_features': 64,
 'n_layers': 10,
 'n_stages': 4,
 'n_stages_asb': 4,
 'n_stages_brb': 4,
 'nesterov': True,
 'num_workers': 4,
 'optimizer': 'Adam',
 'param_search': False,
 'split': 1,
 'tmse': False,
 'tmse_weight': 0.15,
 'tolerance': 5,
 'use_focal': False,
 'weight_decay': 0.0001}
---------- Loading Model ----------
Adam will be used as an optimizer.
---------- Start training ----------
epoch: 0	lr: 0.0005	train loss: 2.5767
epoch: 1	lr: 0.0005	train loss: 2.3533
epoch: 2	lr: 0.0005	train loss: 2.0689
epoch: 3	lr: 0.0005	train loss: 1.7278
epoch: 4	lr: 0.0005	train loss: 1.4319
epoch: 5	lr: 0.0005	train loss: 1.1567
epoch: 6	lr: 0.0005	train loss: 0.8922
epoch: 7	lr: 0.0005	train loss: 0.7035
epoch: 8	lr: 0.0005	train loss: 0.6031
epoch: 9	lr: 0.0005	train loss: 0.5550
epoch: 10	lr: 0.0005	train loss: 0.5041
epoch: 11	lr: 0.0005	train loss: 0.4737
epoch: 12	lr: 0.0005	train loss: 0.4506
epoch: 13	lr: 0.0005	train loss: 0.4196
epoch: 14	lr: 0.0005	train loss: 0.3883
epoch: 15	lr: 0.0005	train loss: 0.3695
epoch: 16	lr: 0.0005	train loss: 0.3507
epoch: 17	lr: 0.0005	train loss: 0.3600
epoch: 18	lr: 0.0005	train loss: 0.4220
epoch: 19	lr: 0.0005	train loss: 0.4761
epoch: 20	lr: 0.0005	train loss: 0.3909
epoch: 21	lr: 0.0005	train loss: 0.3542
epoch: 22	lr: 0.0005	train loss: 0.3220
epoch: 23	lr: 0.0005	train loss: 0.2988
epoch: 24	lr: 0.0005	train loss: 0.2837
epoch: 25	lr: 0.0005	train loss: 0.2745
epoch: 26	lr: 0.0005	train loss: 0.2721
epoch: 27	lr: 0.0005	train loss: 0.2694
epoch: 28	lr: 0.0005	train loss: 0.2675
epoch: 29	lr: 0.0005	train loss: 0.2602
epoch: 30	lr: 0.0005	train loss: 0.2523
epoch: 31	lr: 0.0005	train loss: 0.2484
epoch: 32	lr: 0.0005	train loss: 0.2415
epoch: 33	lr: 0.0005	train loss: 0.2414
epoch: 34	lr: 0.0005	train loss: 0.2317
epoch: 35	lr: 0.0005	train loss: 0.2296
epoch: 36	lr: 0.0005	train loss: 0.2218
epoch: 37	lr: 0.0005	train loss: 0.2213
epoch: 38	lr: 0.0005	train loss: 0.2284
epoch: 39	lr: 0.0005	train loss: 0.2226
epoch: 40	lr: 0.0005	train loss: 0.2089
epoch: 41	lr: 0.0005	train loss: 0.2104
epoch: 42	lr: 0.0005	train loss: 0.2150
epoch: 43	lr: 0.0005	train loss: 0.2087
epoch: 44	lr: 0.0005	train loss: 0.2030
epoch: 45	lr: 0.0005	train loss: 0.1989
epoch: 46	lr: 0.0005	train loss: 0.1992
epoch: 47	lr: 0.0005	train loss: 0.1873
epoch: 48	lr: 0.0005	train loss: 0.1898
epoch: 49	lr: 0.0005	train loss: 0.1889
Done!
