---------- Experiment Configuration ----------
{'alpha': 0.1,
 'batch_size': 1,
 'boundary_th': 0.5,
 'ce': True,
 'ce_weight': 1.0,
 'class_weight': True,
 'csv_dir': './csv',
 'dampening': 0.0,
 'dataset': 'gtea',
 'dataset_dir': './dataset',
 'final_model_path': 'final_with_focal_0.1.prm',
 'focal': False,
 'focal_weight': 1.0,
 'gstmse': True,
 'gstmse_index': 'feature',
 'gstmse_weight': 1.0,
 'in_channel': 2048,
 'lambda_b': 0.1,
 'learning_rate': 0.0005,
 'max_epoch': 50,
 'model': 'ActionSegmentRefinementNetwork',
 'momentum': 0.9,
 'n_features': 64,
 'n_layers': 10,
 'n_stages': 4,
 'n_stages_asb': 4,
 'n_stages_brb': 4,
 'nesterov': True,
 'num_workers': 4,
 'optimizer': 'Adam',
 'param_search': False,
 'split': 1,
 'tmse': False,
 'tmse_weight': 0.15,
 'tolerance': 5,
 'use_focal': True,
 'weight_decay': 0.0001}
---------- Loading Model ----------
Adam will be used as an optimizer.
focal loss used: 
---------- Start training ----------
/home/fish/Balaji/Documents/code/NEU-Fall2021/image_captioning/pyenv_1.13/lib/python3.6/site-packages/torch/nn/_reduction.py:43: UserWarning: size_average and reduce args will be deprecated, please use reduction='mean' instead.
  warnings.warn(warning.format(ret))
epoch: 0	lr: 0.0005	train loss: 0.3195
epoch: 1	lr: 0.0005	train loss: 0.2797
epoch: 2	lr: 0.0005	train loss: 0.2409
epoch: 3	lr: 0.0005	train loss: 0.2055
epoch: 4	lr: 0.0005	train loss: 0.1754
epoch: 5	lr: 0.0005	train loss: 0.1476
epoch: 6	lr: 0.0005	train loss: 0.1311
epoch: 7	lr: 0.0005	train loss: 0.1183
epoch: 8	lr: 0.0005	train loss: 0.1133
epoch: 9	lr: 0.0005	train loss: 0.1107
epoch: 10	lr: 0.0005	train loss: 0.0965
epoch: 11	lr: 0.0005	train loss: 0.0905
epoch: 12	lr: 0.0005	train loss: 0.0846
epoch: 13	lr: 0.0005	train loss: 0.0804
epoch: 14	lr: 0.0005	train loss: 0.0773
epoch: 15	lr: 0.0005	train loss: 0.0746
epoch: 16	lr: 0.0005	train loss: 0.0702
epoch: 17	lr: 0.0005	train loss: 0.0686
epoch: 18	lr: 0.0005	train loss: 0.0677
epoch: 19	lr: 0.0005	train loss: 0.0662
epoch: 20	lr: 0.0005	train loss: 0.0651
epoch: 21	lr: 0.0005	train loss: 0.0618
epoch: 22	lr: 0.0005	train loss: 0.0606
epoch: 23	lr: 0.0005	train loss: 0.0582
epoch: 24	lr: 0.0005	train loss: 0.0600
epoch: 25	lr: 0.0005	train loss: 0.0587
epoch: 26	lr: 0.0005	train loss: 0.0551
epoch: 27	lr: 0.0005	train loss: 0.0559
epoch: 28	lr: 0.0005	train loss: 0.0565
epoch: 29	lr: 0.0005	train loss: 0.0531
epoch: 30	lr: 0.0005	train loss: 0.0495
epoch: 31	lr: 0.0005	train loss: 0.0530
epoch: 32	lr: 0.0005	train loss: 0.0502
epoch: 33	lr: 0.0005	train loss: 0.0510
epoch: 34	lr: 0.0005	train loss: 0.0455
epoch: 35	lr: 0.0005	train loss: 0.0442
epoch: 36	lr: 0.0005	train loss: 0.0447
epoch: 37	lr: 0.0005	train loss: 0.0456
epoch: 38	lr: 0.0005	train loss: 0.0419
epoch: 39	lr: 0.0005	train loss: 0.0418
epoch: 40	lr: 0.0005	train loss: 0.0436
epoch: 41	lr: 0.0005	train loss: 0.0435
epoch: 42	lr: 0.0005	train loss: 0.0424
epoch: 43	lr: 0.0005	train loss: 0.0396
epoch: 44	lr: 0.0005	train loss: 0.0394
epoch: 45	lr: 0.0005	train loss: 0.0441
epoch: 46	lr: 0.0005	train loss: 0.0403
epoch: 47	lr: 0.0005	train loss: 0.0391
epoch: 48	lr: 0.0005	train loss: 0.0369
epoch: 49	lr: 0.0005	train loss: 0.0377
Done!
