---------- Experiment Configuration ----------
{'alpha': 0.05,
 'batch_size': 1,
 'boundary_th': 0.5,
 'ce': True,
 'ce_weight': 1.0,
 'class_weight': True,
 'csv_dir': './csv',
 'dampening': 0.0,
 'dataset': 'gtea',
 'dataset_dir': './dataset',
 'final_model_path': 'final_with_focal_0.05.prm',
 'focal': False,
 'focal_weight': 1.0,
 'gamma': 2.0,
 'gstmse': True,
 'gstmse_index': 'feature',
 'gstmse_weight': 1.0,
 'in_channel': 2048,
 'lambda_b': 0.1,
 'learning_rate': 0.0005,
 'max_epoch': 50,
 'model': 'ActionSegmentRefinementNetwork',
 'momentum': 0.9,
 'n_features': 64,
 'n_layers': 10,
 'n_stages': 4,
 'n_stages_asb': 4,
 'n_stages_brb': 4,
 'nesterov': True,
 'num_workers': 4,
 'optimizer': 'Adam',
 'param_search': False,
 'split': 2,
 'tmse': False,
 'tmse_weight': 0.15,
 'tolerance': 5,
 'use_focal': True,
 'weight_decay': 0.0001}
---------- Loading Model ----------
Adam will be used as an optimizer.
focal loss used: 
---------- Start training ----------
/home/fish/Balaji/Documents/code/NEU-Fall2021/image_captioning/pyenv_1.13/lib/python3.6/site-packages/torch/nn/_reduction.py:43: UserWarning: size_average and reduce args will be deprecated, please use reduction='mean' instead.
  warnings.warn(warning.format(ret))
epoch: 0	lr: 0.0005	train loss: 0.2314
epoch: 1	lr: 0.0005	train loss: 0.2107
epoch: 2	lr: 0.0005	train loss: 0.1886
epoch: 3	lr: 0.0005	train loss: 0.1630
epoch: 4	lr: 0.0005	train loss: 0.1443
epoch: 5	lr: 0.0005	train loss: 0.1284
epoch: 6	lr: 0.0005	train loss: 0.1158
epoch: 7	lr: 0.0005	train loss: 0.1085
epoch: 8	lr: 0.0005	train loss: 0.1020
epoch: 9	lr: 0.0005	train loss: 0.0942
epoch: 10	lr: 0.0005	train loss: 0.0912
epoch: 11	lr: 0.0005	train loss: 0.0844
epoch: 12	lr: 0.0005	train loss: 0.0773
epoch: 13	lr: 0.0005	train loss: 0.0755
epoch: 14	lr: 0.0005	train loss: 0.0721
epoch: 15	lr: 0.0005	train loss: 0.0699
epoch: 16	lr: 0.0005	train loss: 0.0643
epoch: 17	lr: 0.0005	train loss: 0.0631
epoch: 18	lr: 0.0005	train loss: 0.0617
epoch: 19	lr: 0.0005	train loss: 0.0601
epoch: 20	lr: 0.0005	train loss: 0.0587
epoch: 21	lr: 0.0005	train loss: 0.0556
epoch: 22	lr: 0.0005	train loss: 0.0544
epoch: 23	lr: 0.0005	train loss: 0.0532
epoch: 24	lr: 0.0005	train loss: 0.0529
epoch: 25	lr: 0.0005	train loss: 0.0517
epoch: 26	lr: 0.0005	train loss: 0.0551
epoch: 27	lr: 0.0005	train loss: 0.0535
epoch: 28	lr: 0.0005	train loss: 0.0480
epoch: 29	lr: 0.0005	train loss: 0.0483
epoch: 30	lr: 0.0005	train loss: 0.0473
epoch: 31	lr: 0.0005	train loss: 0.0452
epoch: 32	lr: 0.0005	train loss: 0.0464
epoch: 33	lr: 0.0005	train loss: 0.0441
epoch: 34	lr: 0.0005	train loss: 0.0488
epoch: 35	lr: 0.0005	train loss: 0.0422
epoch: 36	lr: 0.0005	train loss: 0.0411
epoch: 37	lr: 0.0005	train loss: 0.0396
epoch: 38	lr: 0.0005	train loss: 0.0384
epoch: 39	lr: 0.0005	train loss: 0.0363
epoch: 40	lr: 0.0005	train loss: 0.0353
epoch: 41	lr: 0.0005	train loss: 0.0354
epoch: 42	lr: 0.0005	train loss: 0.0400
epoch: 43	lr: 0.0005	train loss: 0.0438
epoch: 44	lr: 0.0005	train loss: 0.0423
epoch: 45	lr: 0.0005	train loss: 0.0379
epoch: 46	lr: 0.0005	train loss: 0.0383
epoch: 47	lr: 0.0005	train loss: 0.0366
epoch: 48	lr: 0.0005	train loss: 0.0356
epoch: 49	lr: 0.0005	train loss: 0.0399
Done!
