---------- Experiment Configuration ----------
{'alpha': 0.05,
 'batch_size': 1,
 'boundary_th': 0.5,
 'ce': True,
 'ce_weight': 1.0,
 'class_weight': True,
 'csv_dir': './csv',
 'dampening': 0.0,
 'dataset': 'gtea',
 'dataset_dir': './dataset',
 'final_model_path': 'final_with_focal_0.05_1.5.prm',
 'focal': False,
 'focal_weight': 1.0,
 'gamma': 1.5,
 'gstmse': True,
 'gstmse_index': 'feature',
 'gstmse_weight': 1.0,
 'in_channel': 2048,
 'lambda_b': 0.1,
 'learning_rate': 0.0005,
 'max_epoch': 50,
 'model': 'ActionSegmentRefinementNetwork',
 'momentum': 0.9,
 'n_features': 64,
 'n_layers': 10,
 'n_stages': 4,
 'n_stages_asb': 4,
 'n_stages_brb': 4,
 'nesterov': True,
 'num_workers': 4,
 'optimizer': 'Adam',
 'param_search': False,
 'split': 1,
 'tmse': False,
 'tmse_weight': 0.15,
 'tolerance': 5,
 'use_focal': True,
 'weight_decay': 0.0001}
---------- Loading Model ----------
Adam will be used as an optimizer.
focal loss used: 
---------- Start training ----------
/home/fish/Balaji/Documents/code/NEU-Fall2021/image_captioning/pyenv_1.13/lib/python3.6/site-packages/torch/nn/_reduction.py:43: UserWarning: size_average and reduce args will be deprecated, please use reduction='mean' instead.
  warnings.warn(warning.format(ret))
epoch: 0	lr: 0.0005	train loss: 0.2360
epoch: 1	lr: 0.0005	train loss: 0.2152
epoch: 2	lr: 0.0005	train loss: 0.1920
epoch: 3	lr: 0.0005	train loss: 0.1719
epoch: 4	lr: 0.0005	train loss: 0.1488
epoch: 5	lr: 0.0005	train loss: 0.1311
epoch: 6	lr: 0.0005	train loss: 0.1230
epoch: 7	lr: 0.0005	train loss: 0.1132
epoch: 8	lr: 0.0005	train loss: 0.1042
epoch: 9	lr: 0.0005	train loss: 0.0975
epoch: 10	lr: 0.0005	train loss: 0.0916
epoch: 11	lr: 0.0005	train loss: 0.0840
epoch: 12	lr: 0.0005	train loss: 0.0804
epoch: 13	lr: 0.0005	train loss: 0.0734
epoch: 14	lr: 0.0005	train loss: 0.0691
epoch: 15	lr: 0.0005	train loss: 0.0740
epoch: 16	lr: 0.0005	train loss: 0.0669
epoch: 17	lr: 0.0005	train loss: 0.0624
epoch: 18	lr: 0.0005	train loss: 0.0636
epoch: 19	lr: 0.0005	train loss: 0.0633
epoch: 20	lr: 0.0005	train loss: 0.0621
epoch: 21	lr: 0.0005	train loss: 0.0572
epoch: 22	lr: 0.0005	train loss: 0.0551
epoch: 23	lr: 0.0005	train loss: 0.0532
epoch: 24	lr: 0.0005	train loss: 0.0519
epoch: 25	lr: 0.0005	train loss: 0.0501
epoch: 26	lr: 0.0005	train loss: 0.0527
epoch: 27	lr: 0.0005	train loss: 0.0544
epoch: 28	lr: 0.0005	train loss: 0.0531
epoch: 29	lr: 0.0005	train loss: 0.0488
epoch: 30	lr: 0.0005	train loss: 0.0467
epoch: 31	lr: 0.0005	train loss: 0.0469
epoch: 32	lr: 0.0005	train loss: 0.0430
epoch: 33	lr: 0.0005	train loss: 0.0420
epoch: 34	lr: 0.0005	train loss: 0.0416
epoch: 35	lr: 0.0005	train loss: 0.0431
epoch: 36	lr: 0.0005	train loss: 0.0418
epoch: 37	lr: 0.0005	train loss: 0.0417
epoch: 38	lr: 0.0005	train loss: 0.0432
epoch: 39	lr: 0.0005	train loss: 0.0401
epoch: 40	lr: 0.0005	train loss: 0.0412
epoch: 41	lr: 0.0005	train loss: 0.0391
epoch: 42	lr: 0.0005	train loss: 0.0426
epoch: 43	lr: 0.0005	train loss: 0.0409
epoch: 44	lr: 0.0005	train loss: 0.0366
epoch: 45	lr: 0.0005	train loss: 0.0363
epoch: 46	lr: 0.0005	train loss: 0.0356
epoch: 47	lr: 0.0005	train loss: 0.0366
epoch: 48	lr: 0.0005	train loss: 0.0377
epoch: 49	lr: 0.0005	train loss: 0.0332
Done!
