---------- Experiment Configuration ----------
{'alpha': 0.05,
 'batch_size': 1,
 'boundary_th': 0.5,
 'ce': True,
 'ce_weight': 1.0,
 'class_weight': True,
 'csv_dir': './csv',
 'dampening': 0.0,
 'dataset': '50salads',
 'dataset_dir': './dataset',
 'final_model_path': 'final_with_focal_0.05_prm',
 'focal': False,
 'focal_weight': 1.0,
 'gamma': 2.0,
 'gstmse': True,
 'gstmse_index': 'feature',
 'gstmse_weight': 1.0,
 'in_channel': 2048,
 'lambda_b': 0.1,
 'learning_rate': 0.0005,
 'max_epoch': 50,
 'model': 'ActionSegmentRefinementNetwork',
 'momentum': 0.9,
 'n_features': 64,
 'n_layers': 10,
 'n_stages': 4,
 'n_stages_asb': 4,
 'n_stages_brb': 4,
 'nesterov': True,
 'num_workers': 4,
 'optimizer': 'Adam',
 'param_search': False,
 'split': 1,
 'tmse': False,
 'tmse_weight': 0.15,
 'tolerance': 5,
 'use_focal': True,
 'weight_decay': 0.0001}
---------- Loading Model ----------
Adam will be used as an optimizer.
focal loss used: 
---------- Start training ----------
/home/fish/Balaji/Documents/code/NEU-Fall2021/image_captioning/pyenv_1.13/lib/python3.6/site-packages/torch/nn/_reduction.py:43: UserWarning: size_average and reduce args will be deprecated, please use reduction='mean' instead.
  warnings.warn(warning.format(ret))
epoch: 0	lr: 0.0005	train loss: 0.3147
epoch: 1	lr: 0.0005	train loss: 0.2462
epoch: 2	lr: 0.0005	train loss: 0.2051
epoch: 3	lr: 0.0005	train loss: 0.1754
epoch: 4	lr: 0.0005	train loss: 0.1512
epoch: 5	lr: 0.0005	train loss: 0.1255
epoch: 6	lr: 0.0005	train loss: 0.1082
epoch: 7	lr: 0.0005	train loss: 0.1205
epoch: 8	lr: 0.0005	train loss: 0.1030
epoch: 9	lr: 0.0005	train loss: 0.0952
epoch: 10	lr: 0.0005	train loss: 0.0796
epoch: 11	lr: 0.0005	train loss: 0.0795
epoch: 12	lr: 0.0005	train loss: 0.0689
epoch: 13	lr: 0.0005	train loss: 0.0736
epoch: 14	lr: 0.0005	train loss: 0.0630
epoch: 15	lr: 0.0005	train loss: 0.0600
epoch: 16	lr: 0.0005	train loss: 0.0568
epoch: 17	lr: 0.0005	train loss: 0.0608
epoch: 18	lr: 0.0005	train loss: 0.0649
epoch: 19	lr: 0.0005	train loss: 0.0605
epoch: 20	lr: 0.0005	train loss: 0.0501
epoch: 21	lr: 0.0005	train loss: 0.0589
epoch: 22	lr: 0.0005	train loss: 0.0548
epoch: 23	lr: 0.0005	train loss: 0.0532
epoch: 24	lr: 0.0005	train loss: 0.0473
epoch: 25	lr: 0.0005	train loss: 0.0451
epoch: 26	lr: 0.0005	train loss: 0.0497
epoch: 27	lr: 0.0005	train loss: 0.0388
epoch: 28	lr: 0.0005	train loss: 0.0462
epoch: 29	lr: 0.0005	train loss: 0.0391
epoch: 30	lr: 0.0005	train loss: 0.0387
epoch: 31	lr: 0.0005	train loss: 0.0318
epoch: 32	lr: 0.0005	train loss: 0.0399
epoch: 33	lr: 0.0005	train loss: 0.0411
epoch: 34	lr: 0.0005	train loss: 0.0375
epoch: 35	lr: 0.0005	train loss: 0.0378
