---------- Experiment Configuration ----------
{'batch_size': 1,
 'boundary_th': 0.5,
 'ce': True,
 'ce_weight': 1.0,
 'class_weight': True,
 'csv_dir': './csv',
 'dampening': 0.0,
 'dataset': '50salads',
 'dataset_dir': './dataset',
 'focal': False,
 'focal_weight': 1.0,
 'gstmse': True,
 'gstmse_index': 'feature',
 'gstmse_weight': 1.0,
 'in_channel': 2048,
 'lambda_b': 0.1,
 'learning_rate': 0.0005,
 'max_epoch': 50,
 'model': 'ActionSegmentRefinementNetwork',
 'momentum': 0.9,
 'n_features': 64,
 'n_layers': 10,
 'n_stages': 4,
 'n_stages_asb': 4,
 'n_stages_brb': 4,
 'nesterov': True,
 'num_workers': 4,
 'optimizer': 'Adam',
 'param_search': False,
 'split': 1,
 'tmse': False,
 'tmse_weight': 0.15,
 'tolerance': 5,
 'use_focal': False,
 'weight_decay': 0.0001}
---------- Loading Model ----------
Adam will be used as an optimizer.
---------- Start training ----------
epoch: 0	lr: 0.0005	train loss: 3.0883
epoch: 1	lr: 0.0005	train loss: 2.6640
epoch: 2	lr: 0.0005	train loss: 2.2355
epoch: 3	lr: 0.0005	train loss: 2.0617
epoch: 4	lr: 0.0005	train loss: 1.6605
epoch: 5	lr: 0.0005	train loss: 1.4327
epoch: 6	lr: 0.0005	train loss: 1.3094
epoch: 7	lr: 0.0005	train loss: 1.1804
epoch: 8	lr: 0.0005	train loss: 1.0929
epoch: 9	lr: 0.0005	train loss: 0.9704
epoch: 10	lr: 0.0005	train loss: 0.8701
epoch: 11	lr: 0.0005	train loss: 0.8477
epoch: 12	lr: 0.0005	train loss: 0.8506
epoch: 13	lr: 0.0005	train loss: 0.7487
epoch: 14	lr: 0.0005	train loss: 0.7405
epoch: 15	lr: 0.0005	train loss: 0.6531
epoch: 16	lr: 0.0005	train loss: 0.6108
epoch: 17	lr: 0.0005	train loss: 0.5596
epoch: 18	lr: 0.0005	train loss: 0.5462
epoch: 19	lr: 0.0005	train loss: 0.5071
epoch: 20	lr: 0.0005	train loss: 0.4956
epoch: 21	lr: 0.0005	train loss: 0.6247
epoch: 22	lr: 0.0005	train loss: 0.5352
epoch: 23	lr: 0.0005	train loss: 0.4627
epoch: 24	lr: 0.0005	train loss: 0.4825
epoch: 25	lr: 0.0005	train loss: 0.4964
epoch: 26	lr: 0.0005	train loss: 0.6232
epoch: 27	lr: 0.0005	train loss: 0.5402
epoch: 28	lr: 0.0005	train loss: 0.4508
epoch: 29	lr: 0.0005	train loss: 0.4086
epoch: 30	lr: 0.0005	train loss: 0.4138
epoch: 31	lr: 0.0005	train loss: 0.3722
epoch: 32	lr: 0.0005	train loss: 0.3382
epoch: 33	lr: 0.0005	train loss: 0.3168
epoch: 34	lr: 0.0005	train loss: 0.3359
epoch: 35	lr: 0.0005	train loss: 0.3309
epoch: 36	lr: 0.0005	train loss: 0.3828
epoch: 37	lr: 0.0005	train loss: 0.3681
epoch: 38	lr: 0.0005	train loss: 0.3172
epoch: 39	lr: 0.0005	train loss: 0.3069
epoch: 40	lr: 0.0005	train loss: 0.2749
epoch: 41	lr: 0.0005	train loss: 0.2580
epoch: 42	lr: 0.0005	train loss: 0.2531
epoch: 43	lr: 0.0005	train loss: 0.3054
epoch: 44	lr: 0.0005	train loss: 0.2453
epoch: 45	lr: 0.0005	train loss: 0.2310
epoch: 46	lr: 0.0005	train loss: 0.2356
epoch: 47	lr: 0.0005	train loss: 0.2472
epoch: 48	lr: 0.0005	train loss: 0.2522
epoch: 49	lr: 0.0005	train loss: 0.2470
Done!
